  Loading intel/15.0

=====================================================
original
=====================================================

 Verification    =               SUCCESSFUL
  benchmk :   14.795  (100.00%)
  benchmk :   29.342  (100.00%)

=====================================================
optimized
=====================================================

thread(s): 1
-----------------------------------------------------

 Verification    =               SUCCESSFUL
  benchmk :   12.870  (100.00%)
  benchmk :   25.530  (100.00%)


thread(s): 2
-----------------------------------------------------

 Verification    =               SUCCESSFUL
  benchmk :    9.210  (100.00%)
  benchmk :   18.276  (100.00%)


thread(s): 4
-----------------------------------------------------

 Verification    =               SUCCESSFUL
  benchmk :    6.168  (100.00%)
  benchmk :   15.037  (100.00%)


thread(s): 8
-----------------------------------------------------

 Verification    =               SUCCESSFUL
  benchmk :    7.352  (100.00%)
  benchmk :   14.585  (100.00%)

  Unloading intel/15.0
