  Loading intel/15.0

=====================================================
original
=====================================================

 Verification    =               SUCCESSFUL
  benchmk :   14.800  (100.00%)
  benchmk :   14.803  (100.00%)
  benchmk :   14.786  (100.00%)

  benchmk :   29.301  (100.00%)
  benchmk :   29.281  (100.00%)
  benchmk :   29.296  (100.00%)

=====================================================
optimized
=====================================================

thread(s): 1
-----------------------------------------------------

 Verification    =               SUCCESSFUL
  benchmk :   12.864  (100.00%)
  benchmk :   12.966  (100.00%)
  benchmk :   12.861  (100.00%)

  benchmk :   25.557  (100.00%)
  benchmk :   25.513  (100.00%)
  benchmk :   25.524  (100.00%)


thread(s): 2
-----------------------------------------------------

 Verification    =               SUCCESSFUL
  benchmk :    9.209  (100.00%)
  benchmk :    7.327  (100.00%)
  benchmk :    9.211  (100.00%)

  benchmk :   18.273  (100.00%)
  benchmk :   14.227  (100.00%)
  benchmk :   18.362  (100.00%)


thread(s): 4
-----------------------------------------------------

 Verification    =               SUCCESSFUL
  benchmk :    7.126  (100.00%)
  benchmk :    6.168  (100.00%)
  benchmk :    6.173  (100.00%)

  benchmk :   15.583  (100.00%)
  benchmk :   16.742  (100.00%)
  benchmk :   12.265  (100.00%)


thread(s): 8
-----------------------------------------------------

 Verification    =               SUCCESSFUL
  benchmk :    7.345  (100.00%)
  benchmk :    7.334  (100.00%)
  benchmk :    7.349  (100.00%)

  benchmk :   14.539  (100.00%)
  benchmk :   14.724  (100.00%)
  benchmk :   14.573  (100.00%)

  Unloading intel/15.0
