  Loading intel/15.0
-----------------------------------------------------
1  thread(s)
-----------------------------------------------------
 VERIFICATION SUCCESSFUL
 Verification    =               SUCCESSFUL
  benchmk :   14.767  (100.00%)

 VERIFICATION SUCCESSFUL
 Verification    =               SUCCESSFUL
  benchmk :   13.020  (100.00%)

=====================================================

-----------------------------------------------------
2  thread(s)
-----------------------------------------------------
 VERIFICATION SUCCESSFUL
 Verification    =               SUCCESSFUL
  benchmk :   14.784  (100.00%)

 VERIFICATION SUCCESSFUL
 Verification    =               SUCCESSFUL
  benchmk :   11.840  (100.00%)

=====================================================

-----------------------------------------------------
4  thread(s)
-----------------------------------------------------
 VERIFICATION SUCCESSFUL
 Verification    =               SUCCESSFUL
  benchmk :   14.850  (100.00%)

 VERIFICATION SUCCESSFUL
 Verification    =               SUCCESSFUL
  benchmk :   11.241  (100.00%)

=====================================================

-----------------------------------------------------
8  thread(s)
-----------------------------------------------------
 VERIFICATION SUCCESSFUL
 Verification    =               SUCCESSFUL
  benchmk :   14.783  (100.00%)

 VERIFICATION SUCCESSFUL
 Verification    =               SUCCESSFUL
  benchmk :   11.461  (100.00%)

=====================================================

  Unloading intel/15.0
