  Loading intel/15.0
-----------------------------------------------------
1  threads
-----------------------------------------------------
 VERIFICATION SUCCESSFUL
 Verification    =               SUCCESSFUL
  benchmk :   14.782  (100.00%)

 VERIFICATION SUCCESSFUL
 Verification    =               SUCCESSFUL
  benchmk :   12.278  (100.00%)

=====================================================

-----------------------------------------------------
2  threads
-----------------------------------------------------
 VERIFICATION SUCCESSFUL
 Verification    =               SUCCESSFUL
  benchmk :   14.868  (100.00%)

 VERIFICATION SUCCESSFUL
 Verification    =               SUCCESSFUL
  benchmk :   12.303  (100.00%)

=====================================================

-----------------------------------------------------
4  threads
-----------------------------------------------------
 VERIFICATION SUCCESSFUL
 Verification    =               SUCCESSFUL
  benchmk :   14.795  (100.00%)

 VERIFICATION SUCCESSFUL
 Verification    =               SUCCESSFUL
  benchmk :   12.274  (100.00%)

=====================================================

-----------------------------------------------------
8  threads
-----------------------------------------------------
 VERIFICATION SUCCESSFUL
 Verification    =               SUCCESSFUL
  benchmk :   14.796  (100.00%)

 VERIFICATION SUCCESSFUL
 Verification    =               SUCCESSFUL
  benchmk :   12.278  (100.00%)

=====================================================

  Unloading intel/15.0
