  Loading intel/15.0

=====================================================
original
=====================================================

 Verification    =               SUCCESSFUL
  benchmk :   14.825  (100.00%)
  benchmk :   29.309  (100.00%)

=====================================================
optimized
=====================================================

thread(s): 1
-----------------------------------------------------

 Verification    =               SUCCESSFUL
  benchmk :   12.989  (100.00%)
  benchmk :   25.785  (100.00%)


thread(s): 2
-----------------------------------------------------

 Verification    =               SUCCESSFUL
  benchmk :    9.294  (100.00%)
  benchmk :   18.443  (100.00%)


thread(s): 4
-----------------------------------------------------

 Verification    =               SUCCESSFUL
  benchmk :    6.385  (100.00%)
  benchmk :   12.672  (100.00%)


thread(s): 8
-----------------------------------------------------

 Verification    =               SUCCESSFUL
  benchmk :    7.517  (100.00%)
  benchmk :   14.978  (100.00%)

  Unloading intel/15.0
