  Loading intel/15.0
-----------------------------------------------------
1  thread(s)
-----------------------------------------------------
 VERIFICATION SUCCESSFUL
 Verification    =               SUCCESSFUL
  benchmk :   14.797  (100.00%)

 VERIFICATION SUCCESSFUL
 Verification    =               SUCCESSFUL
  benchmk :   12.285  (100.00%)

=====================================================

-----------------------------------------------------
2  thread(s)
-----------------------------------------------------
 VERIFICATION SUCCESSFUL
 Verification    =               SUCCESSFUL
  benchmk :   14.786  (100.00%)

 VERIFICATION SUCCESSFUL
 Verification    =               SUCCESSFUL
  benchmk :    9.323  (100.00%)

=====================================================

-----------------------------------------------------
4  thread(s)
-----------------------------------------------------
 VERIFICATION SUCCESSFUL
 Verification    =               SUCCESSFUL
  benchmk :   14.781  (100.00%)

 VERIFICATION SUCCESSFUL
 Verification    =               SUCCESSFUL
  benchmk :    6.428  (100.00%)

=====================================================

-----------------------------------------------------
8  thread(s)
-----------------------------------------------------
 VERIFICATION SUCCESSFUL
 Verification    =               SUCCESSFUL
  benchmk :   14.789  (100.00%)

 VERIFICATION SUCCESSFUL
 Verification    =               SUCCESSFUL
  benchmk :    7.530  (100.00%)

=====================================================

  Unloading intel/15.0
