  Loading intel/15.0
-----------------------------------------------------
original
-----------------------------------------------------
 Verification    =               SUCCESSFUL
  benchmk :   14.789  (100.00%)

  benchmk :   29.272  (100.00%)


=====================================================

-----------------------------------------------------
optimized
-----------------------------------------------------

thread(s): 1
-----------------------------------------------------

 Verification    =               SUCCESSFUL
  benchmk :   13.082  (100.00%)

  benchmk :   25.778  (100.00%)

=====================================================


thread(s): 2
-----------------------------------------------------

 Verification    =               SUCCESSFUL
  benchmk :    9.295  (100.00%)

  benchmk :   18.460  (100.00%)

=====================================================


thread(s): 4
-----------------------------------------------------

 Verification    =               SUCCESSFUL
  benchmk :    6.557  (100.00%)

  benchmk :   13.370  (100.00%)

=====================================================


thread(s): 8
-----------------------------------------------------

 Verification    =               SUCCESSFUL
  benchmk :    7.541  (100.00%)

  benchmk :   14.939  (100.00%)

=====================================================

  Unloading intel/15.0
