  Loading intel/15.0
-----------------------------------------------------
1  thread(s)
-----------------------------------------------------
 VERIFICATION SUCCESSFUL
 Verification    =               SUCCESSFUL
  benchmk :   14.850  (100.00%)

 VERIFICATION SUCCESSFUL
 Verification    =               SUCCESSFUL
  benchmk :   12.990  (100.00%)

=====================================================

-----------------------------------------------------
2  thread(s)
-----------------------------------------------------
 VERIFICATION SUCCESSFUL
 Verification    =               SUCCESSFUL
  benchmk :   14.804  (100.00%)

 VERIFICATION SUCCESSFUL
 Verification    =               SUCCESSFUL
  benchmk :    9.290  (100.00%)

=====================================================

-----------------------------------------------------
4  thread(s)
-----------------------------------------------------
 VERIFICATION SUCCESSFUL
 Verification    =               SUCCESSFUL
  benchmk :   14.785  (100.00%)

 VERIFICATION SUCCESSFUL
 Verification    =               SUCCESSFUL
  benchmk :    6.369  (100.00%)

=====================================================

-----------------------------------------------------
8  thread(s)
-----------------------------------------------------
 VERIFICATION SUCCESSFUL
 Verification    =               SUCCESSFUL
  benchmk :   14.792  (100.00%)

 VERIFICATION SUCCESSFUL
 Verification    =               SUCCESSFUL
  benchmk :    7.547  (100.00%)

=====================================================

  Unloading intel/15.0
